2020/03/08 13:21:15.285 [I] [doc_search.go:14]  [loadSearchIndex] start load doc index
2020/03/08 13:21:15.302 [I] [doc_search.go:14]  [loadSearchIndex] get all doc finish
2020/03/08 13:21:15.302 [I] [doc_search.go:14]  [loadSearchIndex] add index finish
2020/03/08 13:21:15.302 [I] [doc_search.go:14]  [loadSearchIndex] index flush finish
2020/03/08 13:21:15.929 [I] [asm_arm.s:857]  http server Running on http://0.0.0.0:8080
2020/03/08 13:21:45.303 [I] [doc_search.go:25]  [loadSearchIndex] start load doc index
2020/03/08 13:21:45.306 [I] [doc_search.go:25]  [loadSearchIndex] get all doc finish
2020/03/08 13:21:45.306 [I] [doc_search.go:25]  [loadSearchIndex] add index finish
2020/03/08 13:21:45.306 [I] [doc_search.go:25]  [loadSearchIndex] index flush finish
2020/03/08 13:22:15.306 [I] [doc_search.go:25]  [loadSearchIndex] start load doc index
2020/03/08 13:22:15.308 [I] [doc_search.go:25]  [loadSearchIndex] get all doc finish
2020/03/08 13:22:15.309 [I] [doc_search.go:25]  [loadSearchIndex] add index finish
2020/03/08 13:22:15.309 [I] [doc_search.go:25]  [loadSearchIndex] index flush finish
2020/03/08 13:22:45.309 [I] [doc_search.go:25]  [loadSearchIndex] start load doc index
2020/03/08 13:22:45.311 [I] [doc_search.go:25]  [loadSearchIndex] get all doc finish
2020/03/08 13:22:45.311 [I] [doc_search.go:25]  [loadSearchIndex] add index finish
2020/03/08 13:22:45.311 [I] [doc_search.go:25]  [loadSearchIndex] index flush finish
2020/03/08 13:23:15.315 [I] [doc_search.go:25]  [loadSearchIndex] start load doc index
2020/03/08 13:23:15.319 [I] [doc_search.go:25]  [loadSearchIndex] get all doc finish
2020/03/08 13:23:15.321 [I] [doc_search.go:25]  [loadSearchIndex] add index finish
2020/03/08 13:23:15.324 [I] [doc_search.go:25]  [loadSearchIndex] index flush finish
2020/03/08 13:23:45.326 [I] [doc_search.go:25]  [loadSearchIndex] start load doc index
2020/03/08 13:23:45.328 [I] [doc_search.go:25]  [loadSearchIndex] get all doc finish
2020/03/08 13:23:45.328 [I] [doc_search.go:25]  [loadSearchIndex] add index finish
2020/03/08 13:23:45.328 [I] [doc_search.go:25]  [loadSearchIndex] index flush finish
2020/03/08 13:24:15.328 [I] [doc_search.go:25]  [loadSearchIndex] start load doc index
2020/03/08 13:24:15.331 [I] [doc_search.go:25]  [loadSearchIndex] get all doc finish
2020/03/08 13:24:15.331 [I] [doc_search.go:25]  [loadSearchIndex] add index finish
2020/03/08 13:24:15.331 [I] [doc_search.go:25]  [loadSearchIndex] index flush finish
2020/03/08 13:24:45.331 [I] [doc_search.go:25]  [loadSearchIndex] start load doc index
2020/03/08 13:24:45.333 [I] [doc_search.go:25]  [loadSearchIndex] get all doc finish
2020/03/08 13:24:45.333 [I] [doc_search.go:25]  [loadSearchIndex] add index finish
2020/03/08 13:24:45.333 [I] [doc_search.go:25]  [loadSearchIndex] index flush finish
2020/03/08 13:25:15.334 [I] [doc_search.go:25]  [loadSearchIndex] start load doc index
2020/03/08 13:25:15.336 [I] [doc_search.go:25]  [loadSearchIndex] get all doc finish
2020/03/08 13:25:15.336 [I] [doc_search.go:25]  [loadSearchIndex] add index finish
2020/03/08 13:25:15.336 [I] [doc_search.go:25]  [loadSearchIndex] index flush finish
2020/03/08 13:25:45.337 [I] [doc_search.go:25]  [loadSearchIndex] start load doc index
2020/03/08 13:25:45.340 [I] [doc_search.go:25]  [loadSearchIndex] get all doc finish
2020/03/08 13:25:45.340 [I] [doc_search.go:25]  [loadSearchIndex] add index finish
2020/03/08 13:25:45.340 [I] [doc_search.go:25]  [loadSearchIndex] index flush finish
2020/03/08 13:26:15.341 [I] [doc_search.go:25]  [loadSearchIndex] start load doc index
2020/03/08 13:26:15.344 [I] [doc_search.go:25]  [loadSearchIndex] get all doc finish
2020/03/08 13:26:15.345 [I] [doc_search.go:25]  [loadSearchIndex] add index finish
2020/03/08 13:26:15.345 [I] [doc_search.go:25]  [loadSearchIndex] index flush finish
2020/03/08 13:26:45.345 [I] [doc_search.go:25]  [loadSearchIndex] start load doc index
2020/03/08 13:26:45.348 [I] [doc_search.go:25]  [loadSearchIndex] get all doc finish
2020/03/08 13:26:45.348 [I] [doc_search.go:25]  [loadSearchIndex] add index finish
2020/03/08 13:26:45.348 [I] [doc_search.go:25]  [loadSearchIndex] index flush finish
2020/03/08 13:27:15.348 [I] [doc_search.go:25]  [loadSearchIndex] start load doc index
2020/03/08 13:27:15.350 [I] [doc_search.go:25]  [loadSearchIndex] get all doc finish
2020/03/08 13:27:15.350 [I] [doc_search.go:25]  [loadSearchIndex] add index finish
2020/03/08 13:27:15.350 [I] [doc_search.go:25]  [loadSearchIndex] index flush finish
2020/03/08 13:27:45.351 [I] [doc_search.go:25]  [loadSearchIndex] start load doc index
2020/03/08 13:27:45.352 [I] [doc_search.go:25]  [loadSearchIndex] get all doc finish
2020/03/08 13:27:45.353 [I] [doc_search.go:25]  [loadSearchIndex] add index finish
2020/03/08 13:27:45.353 [I] [doc_search.go:25]  [loadSearchIndex] index flush finish
2020/03/08 13:28:15.353 [I] [doc_search.go:25]  [loadSearchIndex] start load doc index
2020/03/08 13:28:15.354 [I] [doc_search.go:25]  [loadSearchIndex] get all doc finish
2020/03/08 13:28:15.355 [I] [doc_search.go:25]  [loadSearchIndex] add index finish
2020/03/08 13:28:15.355 [I] [doc_search.go:25]  [loadSearchIndex] index flush finish
2020/03/08 13:28:45.355 [I] [doc_search.go:25]  [loadSearchIndex] start load doc index
2020/03/08 13:28:45.357 [I] [doc_search.go:25]  [loadSearchIndex] get all doc finish
2020/03/08 13:28:45.357 [I] [doc_search.go:25]  [loadSearchIndex] add index finish
2020/03/08 13:28:45.357 [I] [doc_search.go:25]  [loadSearchIndex] index flush finish
2020/03/08 13:29:15.358 [I] [doc_search.go:25]  [loadSearchIndex] start load doc index
2020/03/08 13:29:15.360 [I] [doc_search.go:25]  [loadSearchIndex] get all doc finish
2020/03/08 13:29:15.360 [I] [doc_search.go:25]  [loadSearchIndex] add index finish
2020/03/08 13:29:15.360 [I] [doc_search.go:25]  [loadSearchIndex] index flush finish
2020/03/08 13:29:45.361 [I] [doc_search.go:25]  [loadSearchIndex] start load doc index
2020/03/08 13:29:45.363 [I] [doc_search.go:25]  [loadSearchIndex] get all doc finish
2020/03/08 13:29:45.363 [I] [doc_search.go:25]  [loadSearchIndex] add index finish
2020/03/08 13:29:45.364 [I] [doc_search.go:25]  [loadSearchIndex] index flush finish
2020/03/08 13:30:15.364 [I] [doc_search.go:25]  [loadSearchIndex] start load doc index
2020/03/08 13:30:15.366 [I] [doc_search.go:25]  [loadSearchIndex] get all doc finish
2020/03/08 13:30:15.366 [I] [doc_search.go:25]  [loadSearchIndex] add index finish
2020/03/08 13:30:15.366 [I] [doc_search.go:25]  [loadSearchIndex] index flush finish
2020/03/08 13:30:45.366 [I] [doc_search.go:25]  [loadSearchIndex] start load doc index
2020/03/08 13:30:45.368 [I] [doc_search.go:25]  [loadSearchIndex] get all doc finish
2020/03/08 13:30:45.369 [I] [doc_search.go:25]  [loadSearchIndex] add index finish
2020/03/08 13:30:45.369 [I] [doc_search.go:25]  [loadSearchIndex] index flush finish
2020/03/08 13:31:15.369 [I] [doc_search.go:25]  [loadSearchIndex] start load doc index
2020/03/08 13:31:15.373 [I] [doc_search.go:25]  [loadSearchIndex] get all doc finish
2020/03/08 13:31:15.373 [I] [doc_search.go:25]  [loadSearchIndex] add index finish
2020/03/08 13:31:15.373 [I] [doc_search.go:25]  [loadSearchIndex] index flush finish
2020/03/08 13:31:45.373 [I] [doc_search.go:25]  [loadSearchIndex] start load doc index
2020/03/08 13:31:45.377 [I] [doc_search.go:25]  [loadSearchIndex] get all doc finish
2020/03/08 13:31:45.378 [I] [doc_search.go:25]  [loadSearchIndex] add index finish
2020/03/08 13:31:45.378 [I] [doc_search.go:25]  [loadSearchIndex] index flush finish
2020/03/08 13:32:15.379 [I] [doc_search.go:25]  [loadSearchIndex] start load doc index
2020/03/08 13:32:15.382 [I] [doc_search.go:25]  [loadSearchIndex] get all doc finish
2020/03/08 13:32:15.383 [I] [doc_search.go:25]  [loadSearchIndex] add index finish
2020/03/08 13:32:15.383 [I] [doc_search.go:25]  [loadSearchIndex] index flush finish
2020/03/08 13:32:45.383 [I] [doc_search.go:25]  [loadSearchIndex] start load doc index
2020/03/08 13:32:45.385 [I] [doc_search.go:25]  [loadSearchIndex] get all doc finish
2020/03/08 13:32:45.385 [I] [doc_search.go:25]  [loadSearchIndex] add index finish
2020/03/08 13:32:45.386 [I] [doc_search.go:25]  [loadSearchIndex] index flush finish
2020/03/08 13:33:15.386 [I] [doc_search.go:25]  [loadSearchIndex] start load doc index
2020/03/08 13:33:15.389 [I] [doc_search.go:25]  [loadSearchIndex] get all doc finish
2020/03/08 13:33:15.389 [I] [doc_search.go:25]  [loadSearchIndex] add index finish
2020/03/08 13:33:15.389 [I] [doc_search.go:25]  [loadSearchIndex] index flush finish
2020/03/08 13:33:45.389 [I] [doc_search.go:25]  [loadSearchIndex] start load doc index
2020/03/08 13:33:45.392 [I] [doc_search.go:25]  [loadSearchIndex] get all doc finish
2020/03/08 13:33:45.392 [I] [doc_search.go:25]  [loadSearchIndex] add index finish
2020/03/08 13:33:45.392 [I] [doc_search.go:25]  [loadSearchIndex] index flush finish
2020/03/08 13:34:15.393 [I] [doc_search.go:25]  [loadSearchIndex] start load doc index
2020/03/08 13:34:15.394 [I] [doc_search.go:25]  [loadSearchIndex] get all doc finish
2020/03/08 13:34:15.395 [I] [doc_search.go:25]  [loadSearchIndex] add index finish
2020/03/08 13:34:15.395 [I] [doc_search.go:25]  [loadSearchIndex] index flush finish
2020/03/08 13:34:45.395 [I] [doc_search.go:25]  [loadSearchIndex] start load doc index
2020/03/08 13:34:45.398 [I] [doc_search.go:25]  [loadSearchIndex] get all doc finish
2020/03/08 13:34:45.399 [I] [doc_search.go:25]  [loadSearchIndex] add index finish
2020/03/08 13:34:45.400 [I] [doc_search.go:25]  [loadSearchIndex] index flush finish
2020/03/08 13:35:15.401 [I] [doc_search.go:25]  [loadSearchIndex] start load doc index
2020/03/08 13:35:15.406 [I] [doc_search.go:25]  [loadSearchIndex] get all doc finish
2020/03/08 13:35:15.407 [I] [doc_search.go:25]  [loadSearchIndex] add index finish
2020/03/08 13:35:15.408 [I] [doc_search.go:25]  [loadSearchIndex] index flush finish
2020/03/08 13:35:45.408 [I] [doc_search.go:25]  [loadSearchIndex] start load doc index
2020/03/08 13:35:45.413 [I] [doc_search.go:25]  [loadSearchIndex] get all doc finish
2020/03/08 13:35:45.414 [I] [doc_search.go:25]  [loadSearchIndex] add index finish
2020/03/08 13:35:45.415 [I] [doc_search.go:25]  [loadSearchIndex] index flush finish
2020/03/08 13:36:15.415 [I] [doc_search.go:25]  [loadSearchIndex] start load doc index
2020/03/08 13:36:15.433 [I] [doc_search.go:25]  [loadSearchIndex] get all doc finish
2020/03/08 13:36:15.438 [I] [doc_search.go:25]  [loadSearchIndex] add index finish
2020/03/08 13:36:15.471 [I] [doc_search.go:25]  [loadSearchIndex] index flush finish
2020/03/08 13:36:45.472 [I] [doc_search.go:25]  [loadSearchIndex] start load doc index
2020/03/08 13:36:45.475 [I] [doc_search.go:25]  [loadSearchIndex] get all doc finish
2020/03/08 13:36:45.475 [I] [doc_search.go:25]  [loadSearchIndex] add index finish
2020/03/08 13:36:45.476 [I] [doc_search.go:25]  [loadSearchIndex] index flush finish
2020/03/08 13:37:15.476 [I] [doc_search.go:25]  [loadSearchIndex] start load doc index
2020/03/08 13:37:15.479 [I] [doc_search.go:25]  [loadSearchIndex] get all doc finish
2020/03/08 13:37:15.479 [I] [doc_search.go:25]  [loadSearchIndex] add index finish
2020/03/08 13:37:15.480 [I] [doc_search.go:25]  [loadSearchIndex] index flush finish
2020/03/08 13:37:45.480 [I] [doc_search.go:25]  [loadSearchIndex] start load doc index
2020/03/08 13:37:45.482 [I] [doc_search.go:25]  [loadSearchIndex] get all doc finish
2020/03/08 13:37:45.483 [I] [doc_search.go:25]  [loadSearchIndex] add index finish
2020/03/08 13:37:45.483 [I] [doc_search.go:25]  [loadSearchIndex] index flush finish
2020/03/08 13:38:15.483 [I] [doc_search.go:25]  [loadSearchIndex] start load doc index
2020/03/08 13:38:15.486 [I] [doc_search.go:25]  [loadSearchIndex] get all doc finish
2020/03/08 13:38:15.487 [I] [doc_search.go:25]  [loadSearchIndex] add index finish
2020/03/08 13:38:15.489 [I] [doc_search.go:25]  [loadSearchIndex] index flush finish
2020/03/08 13:38:45.491 [I] [doc_search.go:25]  [loadSearchIndex] start load doc index
2020/03/08 13:38:45.494 [I] [doc_search.go:25]  [loadSearchIndex] get all doc finish
2020/03/08 13:38:45.494 [I] [doc_search.go:25]  [loadSearchIndex] add index finish
2020/03/08 13:38:45.495 [I] [doc_search.go:25]  [loadSearchIndex] index flush finish
2020/03/08 13:39:15.495 [I] [doc_search.go:25]  [loadSearchIndex] start load doc index
2020/03/08 13:39:15.498 [I] [doc_search.go:25]  [loadSearchIndex] get all doc finish
2020/03/08 13:39:15.498 [I] [doc_search.go:25]  [loadSearchIndex] add index finish
2020/03/08 13:39:15.499 [I] [doc_search.go:25]  [loadSearchIndex] index flush finish
2020/03/08 13:39:45.499 [I] [doc_search.go:25]  [loadSearchIndex] start load doc index
2020/03/08 13:39:45.502 [I] [doc_search.go:25]  [loadSearchIndex] get all doc finish
2020/03/08 13:39:45.502 [I] [doc_search.go:25]  [loadSearchIndex] add index finish
2020/03/08 13:39:45.503 [I] [doc_search.go:25]  [loadSearchIndex] index flush finish
2020/03/08 13:40:15.503 [I] [doc_search.go:25]  [loadSearchIndex] start load doc index
2020/03/08 13:40:15.508 [I] [doc_search.go:25]  [loadSearchIndex] get all doc finish
2020/03/08 13:40:15.512 [I] [doc_search.go:25]  [loadSearchIndex] add index finish
2020/03/08 13:40:15.513 [I] [doc_search.go:25]  [loadSearchIndex] index flush finish
2020/03/08 13:40:45.513 [I] [doc_search.go:25]  [loadSearchIndex] start load doc index
2020/03/08 13:40:45.518 [I] [doc_search.go:25]  [loadSearchIndex] get all doc finish
2020/03/08 13:40:45.519 [I] [doc_search.go:25]  [loadSearchIndex] add index finish
2020/03/08 13:40:45.522 [I] [doc_search.go:25]  [loadSearchIndex] index flush finish
2020/03/08 13:41:15.523 [I] [doc_search.go:25]  [loadSearchIndex] start load doc index
2020/03/08 13:41:15.527 [I] [doc_search.go:25]  [loadSearchIndex] get all doc finish
2020/03/08 13:41:15.528 [I] [doc_search.go:25]  [loadSearchIndex] add index finish
2020/03/08 13:41:15.531 [I] [doc_search.go:25]  [loadSearchIndex] index flush finish
2020/03/08 13:41:45.532 [I] [doc_search.go:25]  [loadSearchIndex] start load doc index
2020/03/08 13:41:45.536 [I] [doc_search.go:25]  [loadSearchIndex] get all doc finish
2020/03/08 13:41:45.537 [I] [doc_search.go:25]  [loadSearchIndex] add index finish
2020/03/08 13:41:45.538 [I] [doc_search.go:25]  [loadSearchIndex] index flush finish
2020/03/08 13:42:15.539 [I] [doc_search.go:25]  [loadSearchIndex] start load doc index
2020/03/08 13:42:15.546 [I] [doc_search.go:25]  [loadSearchIndex] get all doc finish
2020/03/08 13:42:15.548 [I] [doc_search.go:25]  [loadSearchIndex] add index finish
2020/03/08 13:42:15.549 [I] [doc_search.go:25]  [loadSearchIndex] index flush finish
2020/03/08 13:42:45.550 [I] [doc_search.go:25]  [loadSearchIndex] start load doc index
2020/03/08 13:42:45.562 [I] [doc_search.go:25]  [loadSearchIndex] get all doc finish
2020/03/08 13:42:45.572 [I] [doc_search.go:25]  [loadSearchIndex] add index finish
2020/03/08 13:42:45.575 [I] [doc_search.go:25]  [loadSearchIndex] index flush finish
2020/03/08 13:43:15.575 [I] [doc_search.go:25]  [loadSearchIndex] start load doc index
2020/03/08 13:43:15.578 [I] [doc_search.go:25]  [loadSearchIndex] get all doc finish
2020/03/08 13:43:15.581 [I] [doc_search.go:25]  [loadSearchIndex] add index finish
2020/03/08 13:43:15.582 [I] [doc_search.go:25]  [loadSearchIndex] index flush finish
2020/03/08 13:43:45.582 [I] [doc_search.go:25]  [loadSearchIndex] start load doc index
2020/03/08 13:43:45.585 [I] [doc_search.go:25]  [loadSearchIndex] get all doc finish
2020/03/08 13:43:45.587 [I] [doc_search.go:25]  [loadSearchIndex] add index finish
2020/03/08 13:43:45.588 [I] [doc_search.go:25]  [loadSearchIndex] index flush finish
2020/03/08 13:44:15.589 [I] [doc_search.go:25]  [loadSearchIndex] start load doc index
2020/03/08 13:44:15.592 [I] [doc_search.go:25]  [loadSearchIndex] get all doc finish
2020/03/08 13:44:15.595 [I] [doc_search.go:25]  [loadSearchIndex] add index finish
2020/03/08 13:44:15.595 [I] [doc_search.go:25]  [loadSearchIndex] index flush finish
2020/03/08 13:44:45.596 [I] [doc_search.go:25]  [loadSearchIndex] start load doc index
2020/03/08 13:44:45.598 [I] [doc_search.go:25]  [loadSearchIndex] get all doc finish
2020/03/08 13:44:45.601 [I] [doc_search.go:25]  [loadSearchIndex] add index finish
2020/03/08 13:44:45.603 [I] [doc_search.go:25]  [loadSearchIndex] index flush finish
2020/03/08 13:45:15.604 [I] [doc_search.go:25]  [loadSearchIndex] start load doc index
2020/03/08 13:45:15.606 [I] [doc_search.go:25]  [loadSearchIndex] get all doc finish
2020/03/08 13:45:15.609 [I] [doc_search.go:25]  [loadSearchIndex] add index finish
2020/03/08 13:45:15.609 [I] [doc_search.go:25]  [loadSearchIndex] index flush finish
2020/03/08 13:45:45.610 [I] [doc_search.go:25]  [loadSearchIndex] start load doc index
2020/03/08 13:45:45.613 [I] [doc_search.go:25]  [loadSearchIndex] get all doc finish
2020/03/08 13:45:45.616 [I] [doc_search.go:25]  [loadSearchIndex] add index finish
2020/03/08 13:45:45.616 [I] [doc_search.go:25]  [loadSearchIndex] index flush finish
2020/03/08 13:46:15.617 [I] [doc_search.go:25]  [loadSearchIndex] start load doc index
2020/03/08 13:46:15.621 [I] [doc_search.go:25]  [loadSearchIndex] get all doc finish
2020/03/08 13:46:15.626 [I] [doc_search.go:25]  [loadSearchIndex] add index finish
2020/03/08 13:46:15.627 [I] [doc_search.go:25]  [loadSearchIndex] index flush finish
2020/03/08 13:46:45.628 [I] [doc_search.go:25]  [loadSearchIndex] start load doc index
2020/03/08 13:46:45.638 [I] [doc_search.go:25]  [loadSearchIndex] get all doc finish
2020/03/08 13:46:45.647 [I] [doc_search.go:25]  [loadSearchIndex] add index finish
2020/03/08 13:46:45.652 [I] [doc_search.go:25]  [loadSearchIndex] index flush finish
2020/03/08 13:47:15.655 [I] [doc_search.go:25]  [loadSearchIndex] start load doc index
2020/03/08 13:47:15.660 [I] [doc_search.go:25]  [loadSearchIndex] get all doc finish
2020/03/08 13:47:15.663 [I] [doc_search.go:25]  [loadSearchIndex] add index finish
2020/03/08 13:47:15.665 [I] [doc_search.go:25]  [loadSearchIndex] index flush finish
2020/03/08 13:47:45.667 [I] [doc_search.go:25]  [loadSearchIndex] start load doc index
2020/03/08 13:47:45.671 [I] [doc_search.go:25]  [loadSearchIndex] get all doc finish
2020/03/08 13:47:45.674 [I] [doc_search.go:25]  [loadSearchIndex] add index finish
2020/03/08 13:47:45.676 [I] [doc_search.go:25]  [loadSearchIndex] index flush finish
2020/03/08 13:48:15.676 [I] [doc_search.go:25]  [loadSearchIndex] start load doc index
2020/03/08 13:48:15.679 [I] [doc_search.go:25]  [loadSearchIndex] get all doc finish
2020/03/08 13:48:15.682 [I] [doc_search.go:25]  [loadSearchIndex] add index finish
2020/03/08 13:48:15.683 [I] [doc_search.go:25]  [loadSearchIndex] index flush finish
2020/03/08 13:48:45.683 [I] [doc_search.go:25]  [loadSearchIndex] start load doc index
2020/03/08 13:48:45.686 [I] [doc_search.go:25]  [loadSearchIndex] get all doc finish
2020/03/08 13:48:45.690 [I] [doc_search.go:25]  [loadSearchIndex] add index finish
2020/03/08 13:48:45.693 [I] [doc_search.go:25]  [loadSearchIndex] index flush finish
2020/03/08 13:49:15.695 [I] [doc_search.go:25]  [loadSearchIndex] start load doc index
2020/03/08 13:49:15.697 [I] [doc_search.go:25]  [loadSearchIndex] get all doc finish
2020/03/08 13:49:15.700 [I] [doc_search.go:25]  [loadSearchIndex] add index finish
2020/03/08 13:49:15.701 [I] [doc_search.go:25]  [loadSearchIndex] index flush finish
2020/03/08 13:49:45.702 [I] [doc_search.go:25]  [loadSearchIndex] start load doc index
2020/03/08 13:49:45.705 [I] [doc_search.go:25]  [loadSearchIndex] get all doc finish
2020/03/08 13:49:45.708 [I] [doc_search.go:25]  [loadSearchIndex] add index finish
2020/03/08 13:49:45.710 [I] [doc_search.go:25]  [loadSearchIndex] index flush finish
2020/03/08 13:50:15.710 [I] [doc_search.go:25]  [loadSearchIndex] start load doc index
2020/03/08 13:50:15.713 [I] [doc_search.go:25]  [loadSearchIndex] get all doc finish
2020/03/08 13:50:15.716 [I] [doc_search.go:25]  [loadSearchIndex] add index finish
2020/03/08 13:50:15.717 [I] [doc_search.go:25]  [loadSearchIndex] index flush finish
2020/03/08 13:50:45.718 [I] [doc_search.go:25]  [loadSearchIndex] start load doc index
2020/03/08 13:50:45.721 [I] [doc_search.go:25]  [loadSearchIndex] get all doc finish
2020/03/08 13:50:45.724 [I] [doc_search.go:25]  [loadSearchIndex] add index finish
2020/03/08 13:50:45.724 [I] [doc_search.go:25]  [loadSearchIndex] index flush finish
2020/03/08 13:51:15.725 [I] [doc_search.go:25]  [loadSearchIndex] start load doc index
2020/03/08 13:51:15.728 [I] [doc_search.go:25]  [loadSearchIndex] get all doc finish
2020/03/08 13:51:15.731 [I] [doc_search.go:25]  [loadSearchIndex] add index finish
2020/03/08 13:51:15.732 [I] [doc_search.go:25]  [loadSearchIndex] index flush finish
2020/03/08 13:51:45.732 [I] [doc_search.go:25]  [loadSearchIndex] start load doc index
2020/03/08 13:51:45.735 [I] [doc_search.go:25]  [loadSearchIndex] get all doc finish
2020/03/08 13:51:45.738 [I] [doc_search.go:25]  [loadSearchIndex] add index finish
2020/03/08 13:51:45.739 [I] [doc_search.go:25]  [loadSearchIndex] index flush finish
2020/03/08 13:52:15.740 [I] [doc_search.go:25]  [loadSearchIndex] start load doc index
2020/03/08 13:52:15.743 [I] [doc_search.go:25]  [loadSearchIndex] get all doc finish
2020/03/08 13:52:15.746 [I] [doc_search.go:25]  [loadSearchIndex] add index finish
2020/03/08 13:52:15.748 [I] [doc_search.go:25]  [loadSearchIndex] index flush finish
2020/03/08 13:52:45.749 [I] [doc_search.go:25]  [loadSearchIndex] start load doc index
2020/03/08 13:52:45.751 [I] [doc_search.go:25]  [loadSearchIndex] get all doc finish
2020/03/08 13:52:45.754 [I] [doc_search.go:25]  [loadSearchIndex] add index finish
2020/03/08 13:52:45.756 [I] [doc_search.go:25]  [loadSearchIndex] index flush finish
2020/03/08 13:53:15.756 [I] [doc_search.go:25]  [loadSearchIndex] start load doc index
2020/03/08 13:53:15.759 [I] [doc_search.go:25]  [loadSearchIndex] get all doc finish
2020/03/08 13:53:15.762 [I] [doc_search.go:25]  [loadSearchIndex] add index finish
2020/03/08 13:53:15.763 [I] [doc_search.go:25]  [loadSearchIndex] index flush finish
2020/03/08 13:53:45.764 [I] [doc_search.go:25]  [loadSearchIndex] start load doc index
2020/03/08 13:53:45.768 [I] [doc_search.go:25]  [loadSearchIndex] get all doc finish
2020/03/08 13:53:45.774 [I] [doc_search.go:25]  [loadSearchIndex] add index finish
2020/03/08 13:53:45.782 [I] [doc_search.go:25]  [loadSearchIndex] index flush finish
2020/03/08 13:54:15.783 [I] [doc_search.go:25]  [loadSearchIndex] start load doc index
2020/03/08 13:54:15.787 [I] [doc_search.go:25]  [loadSearchIndex] get all doc finish
2020/03/08 13:54:15.792 [I] [doc_search.go:25]  [loadSearchIndex] add index finish
2020/03/08 13:54:15.795 [I] [doc_search.go:25]  [loadSearchIndex] index flush finish
2020/03/08 13:54:45.795 [I] [doc_search.go:25]  [loadSearchIndex] start load doc index
2020/03/08 13:54:45.800 [I] [doc_search.go:25]  [loadSearchIndex] get all doc finish
2020/03/08 13:54:45.807 [I] [doc_search.go:25]  [loadSearchIndex] add index finish
2020/03/08 13:54:45.810 [I] [doc_search.go:25]  [loadSearchIndex] index flush finish
2020/03/08 13:55:15.810 [I] [doc_search.go:25]  [loadSearchIndex] start load doc index
2020/03/08 13:55:15.815 [I] [doc_search.go:25]  [loadSearchIndex] get all doc finish
2020/03/08 13:55:15.820 [I] [doc_search.go:25]  [loadSearchIndex] add index finish
2020/03/08 13:55:15.822 [I] [doc_search.go:25]  [loadSearchIndex] index flush finish
2020/03/08 13:55:45.822 [I] [doc_search.go:25]  [loadSearchIndex] start load doc index
2020/03/08 13:55:45.828 [I] [doc_search.go:25]  [loadSearchIndex] get all doc finish
2020/03/08 13:55:45.834 [I] [doc_search.go:25]  [loadSearchIndex] add index finish
2020/03/08 13:55:45.836 [I] [doc_search.go:25]  [loadSearchIndex] index flush finish
2020/03/08 13:56:15.837 [I] [doc_search.go:25]  [loadSearchIndex] start load doc index
2020/03/08 13:56:15.841 [I] [doc_search.go:25]  [loadSearchIndex] get all doc finish
2020/03/08 13:56:15.848 [I] [doc_search.go:25]  [loadSearchIndex] add index finish
2020/03/08 13:56:15.853 [I] [doc_search.go:25]  [loadSearchIndex] index flush finish
2020/03/08 13:56:45.857 [I] [doc_search.go:25]  [loadSearchIndex] start load doc index
2020/03/08 13:56:45.866 [I] [doc_search.go:25]  [loadSearchIndex] get all doc finish
2020/03/08 13:56:45.883 [I] [doc_search.go:25]  [loadSearchIndex] add index finish
2020/03/08 13:56:45.887 [I] [doc_search.go:25]  [loadSearchIndex] index flush finish
2020/03/08 13:57:15.888 [I] [doc_search.go:25]  [loadSearchIndex] start load doc index
2020/03/08 13:57:15.895 [I] [doc_search.go:25]  [loadSearchIndex] get all doc finish
2020/03/08 13:57:15.900 [I] [doc_search.go:25]  [loadSearchIndex] add index finish
2020/03/08 13:57:15.903 [I] [doc_search.go:25]  [loadSearchIndex] index flush finish
2020/03/08 13:57:45.904 [I] [doc_search.go:25]  [loadSearchIndex] start load doc index
2020/03/08 13:57:45.907 [I] [doc_search.go:25]  [loadSearchIndex] get all doc finish
2020/03/08 13:57:45.910 [I] [doc_search.go:25]  [loadSearchIndex] add index finish
2020/03/08 13:57:45.911 [I] [doc_search.go:25]  [loadSearchIndex] index flush finish
2020/03/08 13:58:15.912 [I] [doc_search.go:25]  [loadSearchIndex] start load doc index
2020/03/08 13:58:15.915 [I] [doc_search.go:25]  [loadSearchIndex] get all doc finish
2020/03/08 13:58:15.918 [I] [doc_search.go:25]  [loadSearchIndex] add index finish
2020/03/08 13:58:15.919 [I] [doc_search.go:25]  [loadSearchIndex] index flush finish
2020/03/08 13:58:45.919 [I] [doc_search.go:25]  [loadSearchIndex] start load doc index
2020/03/08 13:58:45.923 [I] [doc_search.go:25]  [loadSearchIndex] get all doc finish
2020/03/08 13:58:45.926 [I] [doc_search.go:25]  [loadSearchIndex] add index finish
2020/03/08 13:58:45.929 [I] [doc_search.go:25]  [loadSearchIndex] index flush finish
2020/03/08 13:59:15.930 [I] [doc_search.go:25]  [loadSearchIndex] start load doc index
2020/03/08 13:59:15.934 [I] [doc_search.go:25]  [loadSearchIndex] get all doc finish
2020/03/08 13:59:15.937 [I] [doc_search.go:25]  [loadSearchIndex] add index finish
2020/03/08 13:59:15.939 [I] [doc_search.go:25]  [loadSearchIndex] index flush finish
2020/03/08 13:59:45.939 [I] [doc_search.go:25]  [loadSearchIndex] start load doc index
2020/03/08 13:59:45.943 [I] [doc_search.go:25]  [loadSearchIndex] get all doc finish
2020/03/08 13:59:45.947 [I] [doc_search.go:25]  [loadSearchIndex] add index finish
2020/03/08 13:59:45.949 [I] [doc_search.go:25]  [loadSearchIndex] index flush finish
2020/03/08 14:00:15.951 [I] [doc_search.go:25]  [loadSearchIndex] start load doc index
2020/03/08 14:00:15.954 [I] [doc_search.go:25]  [loadSearchIndex] get all doc finish
2020/03/08 14:00:15.957 [I] [doc_search.go:25]  [loadSearchIndex] add index finish
2020/03/08 14:00:15.958 [I] [doc_search.go:25]  [loadSearchIndex] index flush finish
2020/03/08 14:00:45.958 [I] [doc_search.go:25]  [loadSearchIndex] start load doc index
2020/03/08 14:00:45.961 [I] [doc_search.go:25]  [loadSearchIndex] get all doc finish
2020/03/08 14:00:45.964 [I] [doc_search.go:25]  [loadSearchIndex] add index finish
2020/03/08 14:00:45.964 [I] [doc_search.go:25]  [loadSearchIndex] index flush finish
2020/03/08 14:01:15.965 [I] [doc_search.go:25]  [loadSearchIndex] start load doc index
2020/03/08 14:01:15.968 [I] [doc_search.go:25]  [loadSearchIndex] get all doc finish
2020/03/08 14:01:15.972 [I] [doc_search.go:25]  [loadSearchIndex] add index finish
2020/03/08 14:01:15.974 [I] [doc_search.go:25]  [loadSearchIndex] index flush finish
2020/03/08 14:01:45.976 [I] [doc_search.go:25]  [loadSearchIndex] start load doc index
2020/03/08 14:01:45.978 [I] [doc_search.go:25]  [loadSearchIndex] get all doc finish
2020/03/08 14:01:45.981 [I] [doc_search.go:25]  [loadSearchIndex] add index finish
2020/03/08 14:01:45.983 [I] [doc_search.go:25]  [loadSearchIndex] index flush finish
2020/03/08 14:02:15.983 [I] [doc_search.go:25]  [loadSearchIndex] start load doc index
2020/03/08 14:02:15.986 [I] [doc_search.go:25]  [loadSearchIndex] get all doc finish
2020/03/08 14:02:15.989 [I] [doc_search.go:25]  [loadSearchIndex] add index finish
2020/03/08 14:02:15.990 [I] [doc_search.go:25]  [loadSearchIndex] index flush finish
2020/03/08 14:02:45.990 [I] [doc_search.go:25]  [loadSearchIndex] start load doc index
2020/03/08 14:02:45.993 [I] [doc_search.go:25]  [loadSearchIndex] get all doc finish
2020/03/08 14:02:45.996 [I] [doc_search.go:25]  [loadSearchIndex] add index finish
2020/03/08 14:02:45.998 [I] [doc_search.go:25]  [loadSearchIndex] index flush finish
2020/03/08 14:03:15.998 [I] [doc_search.go:25]  [loadSearchIndex] start load doc index
2020/03/08 14:03:16.001 [I] [doc_search.go:25]  [loadSearchIndex] get all doc finish
2020/03/08 14:03:16.004 [I] [doc_search.go:25]  [loadSearchIndex] add index finish
2020/03/08 14:03:16.005 [I] [doc_search.go:25]  [loadSearchIndex] index flush finish
2020/03/08 14:03:46.006 [I] [doc_search.go:25]  [loadSearchIndex] start load doc index
2020/03/08 14:03:46.009 [I] [doc_search.go:25]  [loadSearchIndex] get all doc finish
2020/03/08 14:03:46.013 [I] [doc_search.go:25]  [loadSearchIndex] add index finish
2020/03/08 14:03:46.014 [I] [doc_search.go:25]  [loadSearchIndex] index flush finish
2020/03/08 14:04:16.014 [I] [doc_search.go:25]  [loadSearchIndex] start load doc index
2020/03/08 14:04:16.017 [I] [doc_search.go:25]  [loadSearchIndex] get all doc finish
2020/03/08 14:04:16.022 [I] [doc_search.go:25]  [loadSearchIndex] add index finish
2020/03/08 14:04:16.025 [I] [doc_search.go:25]  [loadSearchIndex] index flush finish
2020/03/08 14:04:46.026 [I] [doc_search.go:25]  [loadSearchIndex] start load doc index
2020/03/08 14:04:46.030 [I] [doc_search.go:25]  [loadSearchIndex] get all doc finish
2020/03/08 14:04:46.035 [I] [doc_search.go:25]  [loadSearchIndex] add index finish
2020/03/08 14:04:46.038 [I] [doc_search.go:25]  [loadSearchIndex] index flush finish
2020/03/08 14:05:16.038 [I] [doc_search.go:25]  [loadSearchIndex] start load doc index
2020/03/08 14:05:16.053 [I] [doc_search.go:25]  [loadSearchIndex] get all doc finish
2020/03/08 14:05:16.060 [I] [doc_search.go:25]  [loadSearchIndex] add index finish
2020/03/08 14:05:16.063 [I] [doc_search.go:25]  [loadSearchIndex] index flush finish
2020/03/08 14:05:46.064 [I] [doc_search.go:25]  [loadSearchIndex] start load doc index
2020/03/08 14:05:46.067 [I] [doc_search.go:25]  [loadSearchIndex] get all doc finish
2020/03/08 14:05:46.070 [I] [doc_search.go:25]  [loadSearchIndex] add index finish
2020/03/08 14:05:46.071 [I] [doc_search.go:25]  [loadSearchIndex] index flush finish
2020/03/08 14:06:16.071 [I] [doc_search.go:25]  [loadSearchIndex] start load doc index
2020/03/08 14:06:16.074 [I] [doc_search.go:25]  [loadSearchIndex] get all doc finish
2020/03/08 14:06:16.078 [I] [doc_search.go:25]  [loadSearchIndex] add index finish
2020/03/08 14:06:16.078 [I] [doc_search.go:25]  [loadSearchIndex] index flush finish
2020/03/08 14:06:46.079 [I] [doc_search.go:25]  [loadSearchIndex] start load doc index
2020/03/08 14:06:46.082 [I] [doc_search.go:25]  [loadSearchIndex] get all doc finish
2020/03/08 14:06:46.085 [I] [doc_search.go:25]  [loadSearchIndex] add index finish
2020/03/08 14:06:46.086 [I] [doc_search.go:25]  [loadSearchIndex] index flush finish
2020/03/08 14:07:16.087 [I] [doc_search.go:25]  [loadSearchIndex] start load doc index
2020/03/08 14:07:16.089 [I] [doc_search.go:25]  [loadSearchIndex] get all doc finish
2020/03/08 14:07:16.092 [I] [doc_search.go:25]  [loadSearchIndex] add index finish
2020/03/08 14:07:16.093 [I] [doc_search.go:25]  [loadSearchIndex] index flush finish
2020/03/08 14:07:46.093 [I] [doc_search.go:25]  [loadSearchIndex] start load doc index
2020/03/08 14:07:46.096 [I] [doc_search.go:25]  [loadSearchIndex] get all doc finish
2020/03/08 14:07:46.100 [I] [doc_search.go:25]  [loadSearchIndex] add index finish
2020/03/08 14:07:46.100 [I] [doc_search.go:25]  [loadSearchIndex] index flush finish
2020/03/08 14:08:16.101 [I] [doc_search.go:25]  [loadSearchIndex] start load doc index
2020/03/08 14:08:16.103 [I] [doc_search.go:25]  [loadSearchIndex] get all doc finish
2020/03/08 14:08:16.107 [I] [doc_search.go:25]  [loadSearchIndex] add index finish
2020/03/08 14:08:16.108 [I] [doc_search.go:25]  [loadSearchIndex] index flush finish
2020/03/08 14:08:46.109 [I] [doc_search.go:25]  [loadSearchIndex] start load doc index
2020/03/08 14:08:46.114 [I] [doc_search.go:25]  [loadSearchIndex] get all doc finish
2020/03/08 14:08:46.118 [I] [doc_search.go:25]  [loadSearchIndex] add index finish
2020/03/08 14:08:46.120 [I] [doc_search.go:25]  [loadSearchIndex] index flush finish
2020/03/08 14:09:16.121 [I] [doc_search.go:25]  [loadSearchIndex] start load doc index
2020/03/08 14:09:16.126 [I] [doc_search.go:25]  [loadSearchIndex] get all doc finish
2020/03/08 14:09:16.131 [I] [doc_search.go:25]  [loadSearchIndex] add index finish
2020/03/08 14:09:16.134 [I] [doc_search.go:25]  [loadSearchIndex] index flush finish
2020/03/08 14:09:46.135 [I] [doc_search.go:25]  [loadSearchIndex] start load doc index
2020/03/08 14:09:46.142 [I] [doc_search.go:25]  [loadSearchIndex] get all doc finish
2020/03/08 14:09:46.150 [I] [doc_search.go:25]  [loadSearchIndex] add index finish
2020/03/08 14:09:46.152 [I] [doc_search.go:25]  [loadSearchIndex] index flush finish
2020/03/08 14:10:16.153 [I] [doc_search.go:25]  [loadSearchIndex] start load doc index
2020/03/08 14:10:16.156 [I] [doc_search.go:25]  [loadSearchIndex] get all doc finish
2020/03/08 14:10:16.160 [I] [doc_search.go:25]  [loadSearchIndex] add index finish
2020/03/08 14:10:16.162 [I] [doc_search.go:25]  [loadSearchIndex] index flush finish
2020/03/08 14:10:46.162 [I] [doc_search.go:25]  [loadSearchIndex] start load doc index
2020/03/08 14:10:46.165 [I] [doc_search.go:25]  [loadSearchIndex] get all doc finish
2020/03/08 14:10:46.168 [I] [doc_search.go:25]  [loadSearchIndex] add index finish
2020/03/08 14:10:46.170 [I] [doc_search.go:25]  [loadSearchIndex] index flush finish
2020/03/08 14:11:16.171 [I] [doc_search.go:25]  [loadSearchIndex] start load doc index
2020/03/08 14:11:16.174 [I] [doc_search.go:25]  [loadSearchIndex] get all doc finish
2020/03/08 14:11:16.177 [I] [doc_search.go:25]  [loadSearchIndex] add index finish
2020/03/08 14:11:16.178 [I] [doc_search.go:25]  [loadSearchIndex] index flush finish
2020/03/08 14:11:46.178 [I] [doc_search.go:25]  [loadSearchIndex] start load doc index
2020/03/08 14:11:46.181 [I] [doc_search.go:25]  [loadSearchIndex] get all doc finish
2020/03/08 14:11:46.184 [I] [doc_search.go:25]  [loadSearchIndex] add index finish
2020/03/08 14:11:46.185 [I] [doc_search.go:25]  [loadSearchIndex] index flush finish
2020/03/08 14:12:16.186 [I] [doc_search.go:25]  [loadSearchIndex] start load doc index
2020/03/08 14:12:16.188 [I] [doc_search.go:25]  [loadSearchIndex] get all doc finish
2020/03/08 14:12:16.191 [I] [doc_search.go:25]  [loadSearchIndex] add index finish
2020/03/08 14:12:16.192 [I] [doc_search.go:25]  [loadSearchIndex] index flush finish
2020/03/08 14:12:46.193 [I] [doc_search.go:25]  [loadSearchIndex] start load doc index
2020/03/08 14:12:46.198 [I] [doc_search.go:25]  [loadSearchIndex] get all doc finish
2020/03/08 14:12:46.203 [I] [doc_search.go:25]  [loadSearchIndex] add index finish
2020/03/08 14:12:46.206 [I] [doc_search.go:25]  [loadSearchIndex] index flush finish
2020/03/08 14:13:16.207 [I] [doc_search.go:25]  [loadSearchIndex] start load doc index
2020/03/08 14:13:16.215 [I] [doc_search.go:25]  [loadSearchIndex] get all doc finish
2020/03/08 14:13:16.228 [I] [doc_search.go:25]  [loadSearchIndex] add index finish
2020/03/08 14:13:16.235 [I] [doc_search.go:25]  [loadSearchIndex] index flush finish
2020/03/08 14:13:46.240 [I] [doc_search.go:25]  [loadSearchIndex] start load doc index
2020/03/08 14:13:46.243 [I] [doc_search.go:25]  [loadSearchIndex] get all doc finish
2020/03/08 14:13:46.246 [I] [doc_search.go:25]  [loadSearchIndex] add index finish
2020/03/08 14:13:46.247 [I] [doc_search.go:25]  [loadSearchIndex] index flush finish
2020/03/08 14:14:16.248 [I] [doc_search.go:25]  [loadSearchIndex] start load doc index
2020/03/08 14:14:16.250 [I] [doc_search.go:25]  [loadSearchIndex] get all doc finish
2020/03/08 14:14:16.253 [I] [doc_search.go:25]  [loadSearchIndex] add index finish
2020/03/08 14:14:16.254 [I] [doc_search.go:25]  [loadSearchIndex] index flush finish
2020/03/08 14:14:46.254 [I] [doc_search.go:25]  [loadSearchIndex] start load doc index
2020/03/08 14:14:46.257 [I] [doc_search.go:25]  [loadSearchIndex] get all doc finish
2020/03/08 14:14:46.260 [I] [doc_search.go:25]  [loadSearchIndex] add index finish
2020/03/08 14:14:46.262 [I] [doc_search.go:25]  [loadSearchIndex] index flush finish
2020/03/08 14:15:16.262 [I] [doc_search.go:25]  [loadSearchIndex] start load doc index
2020/03/08 14:15:16.265 [I] [doc_search.go:25]  [loadSearchIndex] get all doc finish
2020/03/08 14:15:16.268 [I] [doc_search.go:25]  [loadSearchIndex] add index finish
2020/03/08 14:15:16.269 [I] [doc_search.go:25]  [loadSearchIndex] index flush finish
2020/03/08 14:15:46.269 [I] [doc_search.go:25]  [loadSearchIndex] start load doc index
2020/03/08 14:15:46.272 [I] [doc_search.go:25]  [loadSearchIndex] get all doc finish
2020/03/08 14:15:46.275 [I] [doc_search.go:25]  [loadSearchIndex] add index finish
2020/03/08 14:15:46.280 [I] [doc_search.go:25]  [loadSearchIndex] index flush finish
2020/03/08 14:16:16.282 [I] [doc_search.go:25]  [loadSearchIndex] start load doc index
2020/03/08 14:16:16.285 [I] [doc_search.go:25]  [loadSearchIndex] get all doc finish
2020/03/08 14:16:16.288 [I] [doc_search.go:25]  [loadSearchIndex] add index finish
2020/03/08 14:16:16.289 [I] [doc_search.go:25]  [loadSearchIndex] index flush finish
2020/03/08 14:16:46.289 [I] [doc_search.go:25]  [loadSearchIndex] start load doc index
2020/03/08 14:16:46.292 [I] [doc_search.go:25]  [loadSearchIndex] get all doc finish
2020/03/08 14:16:46.295 [I] [doc_search.go:25]  [loadSearchIndex] add index finish
2020/03/08 14:16:46.296 [I] [doc_search.go:25]  [loadSearchIndex] index flush finish
2020/03/08 14:17:16.296 [I] [doc_search.go:25]  [loadSearchIndex] start load doc index
2020/03/08 14:17:16.299 [I] [doc_search.go:25]  [loadSearchIndex] get all doc finish
2020/03/08 14:17:16.302 [I] [doc_search.go:25]  [loadSearchIndex] add index finish
2020/03/08 14:17:16.304 [I] [doc_search.go:25]  [loadSearchIndex] index flush finish
2020/03/08 14:17:46.304 [I] [doc_search.go:25]  [loadSearchIndex] start load doc index
2020/03/08 14:17:46.307 [I] [doc_search.go:25]  [loadSearchIndex] get all doc finish
2020/03/08 14:17:46.310 [I] [doc_search.go:25]  [loadSearchIndex] add index finish
2020/03/08 14:17:46.311 [I] [doc_search.go:25]  [loadSearchIndex] index flush finish
2020/03/08 14:18:16.312 [I] [doc_search.go:25]  [loadSearchIndex] start load doc index
2020/03/08 14:18:16.314 [I] [doc_search.go:25]  [loadSearchIndex] get all doc finish
2020/03/08 14:18:16.318 [I] [doc_search.go:25]  [loadSearchIndex] add index finish
2020/03/08 14:18:16.319 [I] [doc_search.go:25]  [loadSearchIndex] index flush finish
2020/03/08 14:18:46.319 [I] [doc_search.go:25]  [loadSearchIndex] start load doc index
2020/03/08 14:18:46.322 [I] [doc_search.go:25]  [loadSearchIndex] get all doc finish
2020/03/08 14:18:46.325 [I] [doc_search.go:25]  [loadSearchIndex] add index finish
2020/03/08 14:18:46.326 [I] [doc_search.go:25]  [loadSearchIndex] index flush finish
2020/03/08 14:19:16.327 [I] [doc_search.go:25]  [loadSearchIndex] start load doc index
2020/03/08 14:19:16.330 [I] [doc_search.go:25]  [loadSearchIndex] get all doc finish
2020/03/08 14:19:16.333 [I] [doc_search.go:25]  [loadSearchIndex] add index finish
2020/03/08 14:19:16.334 [I] [doc_search.go:25]  [loadSearchIndex] index flush finish
2020/03/08 14:19:46.334 [I] [doc_search.go:25]  [loadSearchIndex] start load doc index
2020/03/08 14:19:46.337 [I] [doc_search.go:25]  [loadSearchIndex] get all doc finish
2020/03/08 14:19:46.340 [I] [doc_search.go:25]  [loadSearchIndex] add index finish
2020/03/08 14:19:46.342 [I] [doc_search.go:25]  [loadSearchIndex] index flush finish
2020/03/08 14:20:16.342 [I] [doc_search.go:25]  [loadSearchIndex] start load doc index
2020/03/08 14:20:16.345 [I] [doc_search.go:25]  [loadSearchIndex] get all doc finish
2020/03/08 14:20:16.347 [I] [doc_search.go:25]  [loadSearchIndex] add index finish
2020/03/08 14:20:16.349 [I] [doc_search.go:25]  [loadSearchIndex] index flush finish
2020/03/08 14:20:46.349 [I] [doc_search.go:25]  [loadSearchIndex] start load doc index
2020/03/08 14:20:46.353 [I] [doc_search.go:25]  [loadSearchIndex] get all doc finish
2020/03/08 14:20:46.356 [I] [doc_search.go:25]  [loadSearchIndex] add index finish
2020/03/08 14:20:46.357 [I] [doc_search.go:25]  [loadSearchIndex] index flush finish
2020/03/08 14:21:16.357 [I] [doc_search.go:25]  [loadSearchIndex] start load doc index
2020/03/08 14:21:16.361 [I] [doc_search.go:25]  [loadSearchIndex] get all doc finish
2020/03/08 14:21:16.364 [I] [doc_search.go:25]  [loadSearchIndex] add index finish
2020/03/08 14:21:16.366 [I] [doc_search.go:25]  [loadSearchIndex] index flush finish
2020/03/08 14:21:46.367 [I] [doc_search.go:25]  [loadSearchIndex] start load doc index
2020/03/08 14:21:46.372 [I] [doc_search.go:25]  [loadSearchIndex] get all doc finish
2020/03/08 14:21:46.377 [I] [doc_search.go:25]  [loadSearchIndex] add index finish
2020/03/08 14:21:46.382 [I] [doc_search.go:25]  [loadSearchIndex] index flush finish
2020/03/08 14:22:16.382 [I] [doc_search.go:25]  [loadSearchIndex] start load doc index
2020/03/08 14:22:16.387 [I] [doc_search.go:25]  [loadSearchIndex] get all doc finish
2020/03/08 14:22:16.393 [I] [doc_search.go:25]  [loadSearchIndex] add index finish
2020/03/08 14:22:16.395 [I] [doc_search.go:25]  [loadSearchIndex] index flush finish
2020/03/08 14:22:46.396 [I] [doc_search.go:25]  [loadSearchIndex] start load doc index
2020/03/08 14:22:46.402 [I] [doc_search.go:25]  [loadSearchIndex] get all doc finish
2020/03/08 14:22:46.409 [I] [doc_search.go:25]  [loadSearchIndex] add index finish
2020/03/08 14:22:46.414 [I] [doc_search.go:25]  [loadSearchIndex] index flush finish
2020/03/08 14:23:16.414 [I] [doc_search.go:25]  [loadSearchIndex] start load doc index
2020/03/08 14:23:16.418 [I] [doc_search.go:25]  [loadSearchIndex] get all doc finish
2020/03/08 14:23:16.423 [I] [doc_search.go:25]  [loadSearchIndex] add index finish
2020/03/08 14:23:16.426 [I] [doc_search.go:25]  [loadSearchIndex] index flush finish
2020/03/08 14:23:46.426 [I] [doc_search.go:25]  [loadSearchIndex] start load doc index
2020/03/08 14:23:46.432 [I] [doc_search.go:25]  [loadSearchIndex] get all doc finish
2020/03/08 14:23:46.438 [I] [doc_search.go:25]  [loadSearchIndex] add index finish
2020/03/08 14:23:46.441 [I] [doc_search.go:25]  [loadSearchIndex] index flush finish
2020/03/08 14:24:16.442 [I] [doc_search.go:25]  [loadSearchIndex] start load doc index
2020/03/08 14:24:16.447 [I] [doc_search.go:25]  [loadSearchIndex] get all doc finish
2020/03/08 14:24:16.453 [I] [doc_search.go:25]  [loadSearchIndex] add index finish
2020/03/08 14:24:16.456 [I] [doc_search.go:25]  [loadSearchIndex] index flush finish
2020/03/08 14:24:46.457 [I] [doc_search.go:25]  [loadSearchIndex] start load doc index
2020/03/08 14:24:46.461 [I] [doc_search.go:25]  [loadSearchIndex] get all doc finish
2020/03/08 14:24:46.466 [I] [doc_search.go:25]  [loadSearchIndex] add index finish
2020/03/08 14:24:46.469 [I] [doc_search.go:25]  [loadSearchIndex] index flush finish
2020/03/08 14:25:16.469 [I] [doc_search.go:25]  [loadSearchIndex] start load doc index
2020/03/08 14:25:16.474 [I] [doc_search.go:25]  [loadSearchIndex] get all doc finish
2020/03/08 14:25:16.479 [I] [doc_search.go:25]  [loadSearchIndex] add index finish
2020/03/08 14:25:16.480 [I] [doc_search.go:25]  [loadSearchIndex] index flush finish
2020/03/08 14:25:46.481 [I] [doc_search.go:25]  [loadSearchIndex] start load doc index
2020/03/08 14:25:46.484 [I] [doc_search.go:25]  [loadSearchIndex] get all doc finish
2020/03/08 14:25:46.487 [I] [doc_search.go:25]  [loadSearchIndex] add index finish
2020/03/08 14:25:46.491 [I] [doc_search.go:25]  [loadSearchIndex] index flush finish
2020/03/08 14:26:16.492 [I] [doc_search.go:25]  [loadSearchIndex] start load doc index
2020/03/08 14:26:16.498 [I] [doc_search.go:25]  [loadSearchIndex] get all doc finish
2020/03/08 14:26:16.503 [I] [doc_search.go:25]  [loadSearchIndex] add index finish
2020/03/08 14:26:16.505 [I] [doc_search.go:25]  [loadSearchIndex] index flush finish
2020/03/08 14:26:46.507 [I] [doc_search.go:25]  [loadSearchIndex] start load doc index
2020/03/08 14:26:46.509 [I] [doc_search.go:25]  [loadSearchIndex] get all doc finish
2020/03/08 14:26:46.513 [I] [doc_search.go:25]  [loadSearchIndex] add index finish
2020/03/08 14:26:46.513 [I] [doc_search.go:25]  [loadSearchIndex] index flush finish
2020/03/08 14:27:16.514 [I] [doc_search.go:25]  [loadSearchIndex] start load doc index
2020/03/08 14:27:16.516 [I] [doc_search.go:25]  [loadSearchIndex] get all doc finish
2020/03/08 14:27:16.520 [I] [doc_search.go:25]  [loadSearchIndex] add index finish
2020/03/08 14:27:16.521 [I] [doc_search.go:25]  [loadSearchIndex] index flush finish
2020/03/08 14:27:46.521 [I] [doc_search.go:25]  [loadSearchIndex] start load doc index
2020/03/08 14:27:46.524 [I] [doc_search.go:25]  [loadSearchIndex] get all doc finish
2020/03/08 14:27:46.526 [I] [doc_search.go:25]  [loadSearchIndex] add index finish
2020/03/08 14:27:46.527 [I] [doc_search.go:25]  [loadSearchIndex] index flush finish
2020/03/08 14:28:16.528 [I] [doc_search.go:25]  [loadSearchIndex] start load doc index
2020/03/08 14:28:16.531 [I] [doc_search.go:25]  [loadSearchIndex] get all doc finish
2020/03/08 14:28:16.534 [I] [doc_search.go:25]  [loadSearchIndex] add index finish
2020/03/08 14:28:16.542 [I] [doc_search.go:25]  [loadSearchIndex] index flush finish
2020/03/08 14:28:46.542 [I] [doc_search.go:25]  [loadSearchIndex] start load doc index
2020/03/08 14:28:46.545 [I] [doc_search.go:25]  [loadSearchIndex] get all doc finish
2020/03/08 14:28:46.549 [I] [doc_search.go:25]  [loadSearchIndex] add index finish
2020/03/08 14:28:46.550 [I] [doc_search.go:25]  [loadSearchIndex] index flush finish
2020/03/08 14:29:16.550 [I] [doc_search.go:25]  [loadSearchIndex] start load doc index
2020/03/08 14:29:16.555 [I] [doc_search.go:25]  [loadSearchIndex] get all doc finish
2020/03/08 14:29:16.560 [I] [doc_search.go:25]  [loadSearchIndex] add index finish
2020/03/08 14:29:16.562 [I] [doc_search.go:25]  [loadSearchIndex] index flush finish
2020/03/08 14:29:46.569 [I] [doc_search.go:25]  [loadSearchIndex] start load doc index
2020/03/08 14:29:46.574 [I] [doc_search.go:25]  [loadSearchIndex] get all doc finish
2020/03/08 14:29:46.579 [I] [doc_search.go:25]  [loadSearchIndex] add index finish
2020/03/08 14:29:46.582 [I] [doc_search.go:25]  [loadSearchIndex] index flush finish
2020/03/08 14:30:16.582 [I] [doc_search.go:25]  [loadSearchIndex] start load doc index
2020/03/08 14:30:16.585 [I] [doc_search.go:25]  [loadSearchIndex] get all doc finish
2020/03/08 14:30:16.589 [I] [doc_search.go:25]  [loadSearchIndex] add index finish
2020/03/08 14:30:16.590 [I] [doc_search.go:25]  [loadSearchIndex] index flush finish
2020/03/08 14:30:46.590 [I] [doc_search.go:25]  [loadSearchIndex] start load doc index
2020/03/08 14:30:46.593 [I] [doc_search.go:25]  [loadSearchIndex] get all doc finish
2020/03/08 14:30:46.596 [I] [doc_search.go:25]  [loadSearchIndex] add index finish
2020/03/08 14:30:46.597 [I] [doc_search.go:25]  [loadSearchIndex] index flush finish
